[Tue, 10 May 16 17:26:11 -0500][DEBUG] A Array
(
    [id] => status
    [class] => switchery
)

[Tue, 10 May 16 17:31:45 -0500][DEBUG] A Array
(
    [id] => status
    [class] => switchery
    [checked] => checked
)

[Tue, 10 May 16 17:32:09 -0500][DEBUG] A Array
(
    [id] => status
    [class] => switchery
    [checked] => checked
)

[Tue, 10 May 16 17:32:31 -0500][DEBUG] A Array
(
    [id] => status
    [class] => switchery
    [checked] => checked
)

[Tue, 10 May 16 17:34:00 -0500][DEBUG] A Array
(
    [id] => status
    [class] => switchery
    [checked] => checked
)

[Tue, 10 May 16 17:35:19 -0500][DEBUG] A Array
(
    [id] => status
    [class] => switchery
    [checked] => checked
)

[Tue, 10 May 16 17:35:41 -0500][DEBUG] A Array
(
    [id] => status
    [class] => switchery
    [checked] => checked
)

[Tue, 10 May 16 17:36:33 -0500][DEBUG] A Array
(
    [id] => status
    [class] => switchery
    [checked] => checked
)

[Tue, 10 May 16 17:36:57 -0500][DEBUG] A Array
(
    [id] => status
    [class] => switchery
    [checked] => checked
)

[Tue, 10 May 16 17:37:14 -0500][DEBUG] A Array
(
    [id] => status
    [class] => switchery
    [checked] => checked
)

[Tue, 10 May 16 17:40:26 -0500][DEBUG] A Array
(
    [id] => status
    [class] => switchery
    [checked] => checked
)

